"C:\Program Files\JetBrains\CLion 2019.1.3\bin\cmake\win\bin\cmake.exe" -DCMAKE_BUILD_TYPE=Debug -G "CodeBlocks - NMake Makefiles" C:\Users\Claudiu\Desktop\Programming\ProgrammingProblems
-- The C compiler identification is MSVC 19.16.27026.1
-- Check for working C compiler: C:/Program Files (x86)/Microsoft Visual Studio/2017/Enterprise/VC/Tools/MSVC/14.16.27023/bin/Hostx86/x86/cl.exe
-- Check for working C compiler: C:/Program Files (x86)/Microsoft Visual Studio/2017/Enterprise/VC/Tools/MSVC/14.16.27023/bin/Hostx86/x86/cl.exe -- broken
CMake Error at C:/Program Files/JetBrains/CLion 2019.1.3/bin/cmake/win/share/cmake-3.14/Modules/CMakeTestCCompiler.cmake:60 (message):
  The C compiler

    "C:/Program Files (x86)/Microsoft Visual Studio/2017/Enterprise/VC/Tools/MSVC/14.16.27023/bin/Hostx86/x86/cl.exe"

  is not able to compile a simple test program.

  It fails with the following output:

    Change Dir: C:/Users/Claudiu/Desktop/Programming/ProgrammingProblems/cmake-build-debug/CMakeFiles/CMakeTmp
    
    Run Build Command(s):nmake /nologo cmTC_09a47\fast 
    	"C:\Program Files (x86)\Microsoft Visual Studio\2017\Enterprise\VC\Tools\MSVC\14.16.27023\bin\HostX86\x86\nmake.exe" -f CMakeFiles\cmTC_09a47.dir\build.make /nologo -L                  CMakeFiles\cmTC_09a47.dir\build
    Building C object CMakeFiles/cmTC_09a47.dir/testCCompiler.c.obj
    	C:\PROGRA~2\MIB055~1\2017\ENTERP~1\VC\Tools\MSVC\1416~1.270\bin\Hostx86\x86\cl.exe @C:\Users\Claudiu\AppData\Local\Temp\nmC6CC.tmp
    testCCompiler.c
    Linking C executable cmTC_09a47.exe
    	"C:\Program Files\JetBrains\CLion 2019.1.3\bin\cmake\win\bin\cmake.exe" -E vs_link_exe --intdir=CMakeFiles\cmTC_09a47.dir --rc=C:\PROGRA~2\WI3CF2~1\10\bin\100177~1.0\x86\rc.exe --mt=C:\PROGRA~2\WI3CF2~1\10\bin\100177~1.0\x86\mt.exe --manifests  -- C:\PROGRA~2\MIB055~1\2017\ENTERP~1\VC\Tools\MSVC\1416~1.270\bin\Hostx86\x86\link.exe /nologo @CMakeFiles\cmTC_09a47.dir\objects1.rsp @C:\Users\Claudiu\AppData\Local\Temp\nmC759.tmp
    FINAL LINK: command "C:\PROGRA~2\MIB055~1\2017\ENTERP~1\VC\Tools\MSVC\1416~1.270\bin\Hostx86\x86\link.exe /nologo @CMakeFiles\cmTC_09a47.dir\objects1.rsp /out:cmTC_09a47.exe /implib:cmTC_09a47.lib /pdb:C:\Users\Claudiu\Desktop\Programming\ProgrammingProblems\cmake-build-debug\CMakeFiles\CMakeTmp\cmTC_09a47.pdb /version:0.0 /machine:X86 /debug /INCREMENTAL /subsystem:console kernel32.lib user32.lib gdi32.lib winspool.lib shell32.lib ole32.lib oleaut32.lib uuid.lib comdlg32.lib advapi32.lib /MANIFEST /MANIFESTFILE:CMakeFiles\cmTC_09a47.dir/intermediate.manifest CMakeFiles\cmTC_09a47.dir/manifest.res" failed (exit code 1104) with the following output:
    LINK : fatal error LNK1104: cannot open file 'cmTC_09a47.exe'
    NMAKE : fatal error U1077: '"C:\Program Files\JetBrains\CLion 2019.1.3\bin\cmake\win\bin\cmake.exe"' : return code '0xffffffff'
    Stop.
    NMAKE : fatal error U1077: '"C:\Program Files (x86)\Microsoft Visual Studio\2017\Enterprise\VC\Tools\MSVC\14.16.27023\bin\HostX86\x86\nmake.exe"' : return code '0x2'
    Stop.
    

  

  CMake will not be able to correctly generate this project.
Call Stack (most recent call first):
  CMakeLists.txt:2 (project)


-- Configuring incomplete, errors occurred!
See also "C:/Users/Claudiu/Desktop/Programming/ProgrammingProblems/cmake-build-debug/CMakeFiles/CMakeOutput.log".
See also "C:/Users/Claudiu/Desktop/Programming/ProgrammingProblems/cmake-build-debug/CMakeFiles/CMakeError.log".
